<?xml version="1.0" encoding="UTF-8"?>
<!-- Generated by org.testng.reporters.JUnitReportReporter -->
<testsuite hostname="admin" failures="0" tests="2" name="com.invicta.qa.testcases.sbu.sbutestcases" time="81.563" errors="0" timestamp="21 Feb 2023 09:31:31 GMT" skipped="0">
  <testcase classname="com.invicta.qa.testcases.sbu.sbutestcases" name="testcase01" time="60.431"/>
  <testcase classname="com.invicta.qa.testcases.sbu.sbutestcases" name="testcase02" time="21.132"/>
</testsuite> <!-- com.invicta.qa.testcases.sbu.sbutestcases -->
