<?xml version="1.0" encoding="UTF-8"?>
<!-- Generated by org.testng.reporters.JUnitReportReporter -->
<testsuite hostname="admin" failures="0" tests="1" name="com.invicta.qa.testcases.mytest.cancelEmployeeModal" time="23.686" errors="0" timestamp="26 Feb 2023 11:37:43 GMT" skipped="0">
  <testcase classname="com.invicta.qa.testcases.mytest.cancelEmployeeModal" name="cancelEmployee" time="23.686"/>
</testsuite> <!-- com.invicta.qa.testcases.mytest.cancelEmployeeModal -->
