<?xml version="1.0" encoding="UTF-8"?>
<!-- Generated by org.testng.reporters.JUnitReportReporter -->
<testsuite hostname="admin" failures="0" tests="1" name="com.invicta.qa.testcases.sbu.SbuPlaceholderUI" time="22.579" errors="0" timestamp="15 Feb 2023 09:25:33 GMT" skipped="0">
  <testcase classname="com.invicta.qa.testcases.sbu.SbuPlaceholderUI" name="sbu" time="22.579"/>
</testsuite> <!-- com.invicta.qa.testcases.sbu.SbuPlaceholderUI -->
