<?xml version="1.0" encoding="UTF-8"?>
<!-- Generated by org.testng.reporters.JUnitReportReporter -->
<testsuite hostname="admin" failures="0" tests="1" name="com.invicta.qa.testcases.sbu.DesPlaceholderUI" time="22.977" errors="0" timestamp="15 Feb 2023 09:44:44 GMT" skipped="0">
  <testcase classname="com.invicta.qa.testcases.sbu.DesPlaceholderUI" name="sbu" time="22.977"/>
</testsuite> <!-- com.invicta.qa.testcases.sbu.DesPlaceholderUI -->
