<?xml version="1.0" encoding="UTF-8"?>
<!-- Generated by org.testng.reporters.JUnitReportReporter -->
<testsuite hostname="admin" failures="0" tests="1" name="com.invicta.qa.testcases.mytest.addEmployee" time="51.049" errors="0" timestamp="26 Feb 2023 11:20:58 GMT" skipped="0">
  <testcase classname="com.invicta.qa.testcases.mytest.addEmployee" name="addingEmployee" time="51.049"/>
</testsuite> <!-- com.invicta.qa.testcases.mytest.addEmployee -->
