<?xml version="1.0" encoding="UTF-8"?>
<!-- Generated by org.testng.reporters.JUnitReportReporter -->
<testsuite hostname="admin" failures="0" tests="2" name="com.invicta.qa.testcases.sbu.AddSbuCloseTest" time="15.365" errors="0" timestamp="15 Feb 2023 04:04:42 GMT" skipped="0">
  <testcase classname="com.invicta.qa.testcases.sbu.AddSbuCloseTest" name="sub_w_close" time="12.993"/>
  <testcase classname="com.invicta.qa.testcases.sbu.AddSbuCloseTest" name="sub_wo_close" time="2.372"/>
</testsuite> <!-- com.invicta.qa.testcases.sbu.AddSbuCloseTest -->
