<?xml version="1.0" encoding="UTF-8"?>
<!-- Generated by org.testng.reporters.JUnitReportReporter -->
<testsuite hostname="admin" failures="0" tests="1" name="com.invicta.qa.testcases.mytest.addSupplier" time="54.808" errors="0" timestamp="26 Feb 2023 05:49:24 GMT" skipped="0">
  <testcase classname="com.invicta.qa.testcases.mytest.addSupplier" name="addSupplierFuntion" time="54.808"/>
</testsuite> <!-- com.invicta.qa.testcases.mytest.addSupplier -->
