<?xml version="1.0" encoding="UTF-8"?>
<!-- Generated by org.testng.reporters.JUnitReportReporter -->
<testsuite hostname="admin" failures="0" tests="1" name="com.invicta.qa.testcases.sbu.SBUsavebuttonUI" time="41.002" errors="0" timestamp="15 Feb 2023 09:31:01 GMT" skipped="0">
  <testcase classname="com.invicta.qa.testcases.sbu.SBUsavebuttonUI" name="save" time="41.002"/>
</testsuite> <!-- com.invicta.qa.testcases.sbu.SBUsavebuttonUI -->
