<?xml version="1.0" encoding="UTF-8"?>
<!-- Generated by org.testng.reporters.JUnitReportReporter -->
<testsuite hostname="admin" failures="0" tests="1" name="com.invicta.qa.testcases.mytest.cancelSupplierModal" time="23.467" errors="0" timestamp="26 Feb 2023 06:56:53 GMT" skipped="0">
  <testcase classname="com.invicta.qa.testcases.mytest.cancelSupplierModal" name="cancelSupplierForm" time="23.467"/>
</testsuite> <!-- com.invicta.qa.testcases.mytest.cancelSupplierModal -->
